<?xml version="1.0" encoding="UTF-8"?>
<testsuite xmlns:xsi="http://www.w3.org/2001/XMLSchema-instance" xsi:noNamespaceSchemaLocation="https://maven.apache.org/surefire/maven-surefire-plugin/xsd/surefire-test-report.xsd" name="lapr.project.utils.PhysicsAlgorithmsTest" time="0" tests="16" errors="0" skipped="0" failures="0">
  <properties>
    <property name="sun.desktop" value="windows"/>
    <property name="awt.toolkit" value="sun.awt.windows.WToolkit"/>
    <property name="file.encoding.pkg" value="sun.io"/>
    <property name="java.specification.version" value="1.8"/>
    <property name="sun.cpu.isalist" value="amd64"/>
    <property name="sun.jnu.encoding" value="Cp1252"/>
    <property name="java.class.path" value="C:\Users\tiago\Documents\lapr3-2019-g025\target\test-classes;C:\Users\tiago\Documents\lapr3-2019-g025\target\classes;C:\Users\tiago\Documents\lapr3-2019-g025\third-parties\ride-sharing-assessment-interfaces-3.1.jar;C:\Users\tiago\.m2\repository\com\oracle\jdbc\ojdbc7\12.1.0.2\ojdbc7-12.1.0.2.jar;C:\Users\tiago\.m2\repository\com\oracle\jdbc\xdb6\12.1.0.2\xdb6-12.1.0.2.jar;C:\Users\tiago\.m2\repository\com\oracle\jdbc\orai18n\12.1.0.2\orai18n-12.1.0.2.jar;C:\Users\tiago\.m2\repository\com\oracle\jdbc\xmlparserv2\12.1.0.2\xmlparserv2-12.1.0.2.jar;C:\Users\tiago\.m2\repository\com\oracle\jdbc\oraclepki\12.1.0.2\oraclepki-12.1.0.2.jar;C:\Users\tiago\.m2\repository\com\oracle\jdbc\osdt_cert\12.1.0.2\osdt_cert-12.1.0.2.jar;C:\Users\tiago\.m2\repository\com\oracle\jdbc\osdt_core\12.1.0.2\osdt_core-12.1.0.2.jar;C:\Users\tiago\.m2\repository\com\sun\mail\javax.mail\1.6.2\javax.mail-1.6.2.jar;C:\Users\tiago\.m2\repository\javax\activation\activation\1.1\activation-1.1.jar;C:\Users\tiago\.m2\repository\org\mockito\mockito-all\1.9.5\mockito-all-1.9.5.jar;C:\Users\tiago\.m2\repository\org\junit\jupiter\junit-jupiter-api\5.5.2\junit-jupiter-api-5.5.2.jar;C:\Users\tiago\.m2\repository\org\apiguardian\apiguardian-api\1.1.0\apiguardian-api-1.1.0.jar;C:\Users\tiago\.m2\repository\org\opentest4j\opentest4j\1.2.0\opentest4j-1.2.0.jar;C:\Users\tiago\.m2\repository\org\junit\platform\junit-platform-commons\1.5.2\junit-platform-commons-1.5.2.jar;C:\Users\tiago\.m2\repository\org\junit\jupiter\junit-jupiter-engine\5.5.2\junit-jupiter-engine-5.5.2.jar;C:\Users\tiago\.m2\repository\org\junit\platform\junit-platform-engine\1.5.2\junit-platform-engine-1.5.2.jar;C:\Users\tiago\.m2\repository\org\xmlunit\xmlunit-core\2.6.3\xmlunit-core-2.6.3.jar;C:\Users\tiago\.m2\repository\org\xmlunit\xmlunit-matchers\2.6.3\xmlunit-matchers-2.6.3.jar;C:\Users\tiago\.m2\repository\junit\junit\4.12\junit-4.12.jar;C:\Users\tiago\.m2\repository\org\hamcrest\hamcrest-core\1.3\hamcrest-core-1.3.jar;"/>
    <property name="java.vm.vendor" value="Oracle Corporation"/>
    <property name="sun.arch.data.model" value="64"/>
    <property name="user.variant" value=""/>
    <property name="java.vendor.url" value="http://java.oracle.com/"/>
    <property name="user.timezone" value="Europe/London"/>
    <property name="java.vm.specification.version" value="1.8"/>
    <property name="historyOutputFile" value="target/fasterPitMutationTesting-history.txt"/>
    <property name="os.name" value="Windows 10"/>
    <property name="user.country" value="PT"/>
    <property name="sun.java.launcher" value="SUN_STANDARD"/>
    <property name="sun.boot.library.path" value="C:\Program Files\Java\jdk1.8.0_181\jre\bin"/>
    <property name="sun.java.command" value="C:\Users\tiago\AppData\Local\Temp\surefire6402776052808639499\surefirebooter6693663279620285963.jar C:\Users\tiago\AppData\Local\Temp\surefire6402776052808639499 2020-01-09T13-56-46_425-jvmRun1 surefire2637043483900501491tmp surefire_07314895415151779217tmp"/>
    <property name="surefire.test.class.path" value="C:\Users\tiago\Documents\lapr3-2019-g025\target\test-classes;C:\Users\tiago\Documents\lapr3-2019-g025\target\classes;C:\Users\tiago\Documents\lapr3-2019-g025\third-parties\ride-sharing-assessment-interfaces-3.1.jar;C:\Users\tiago\.m2\repository\com\oracle\jdbc\ojdbc7\12.1.0.2\ojdbc7-12.1.0.2.jar;C:\Users\tiago\.m2\repository\com\oracle\jdbc\xdb6\12.1.0.2\xdb6-12.1.0.2.jar;C:\Users\tiago\.m2\repository\com\oracle\jdbc\orai18n\12.1.0.2\orai18n-12.1.0.2.jar;C:\Users\tiago\.m2\repository\com\oracle\jdbc\xmlparserv2\12.1.0.2\xmlparserv2-12.1.0.2.jar;C:\Users\tiago\.m2\repository\com\oracle\jdbc\oraclepki\12.1.0.2\oraclepki-12.1.0.2.jar;C:\Users\tiago\.m2\repository\com\oracle\jdbc\osdt_cert\12.1.0.2\osdt_cert-12.1.0.2.jar;C:\Users\tiago\.m2\repository\com\oracle\jdbc\osdt_core\12.1.0.2\osdt_core-12.1.0.2.jar;C:\Users\tiago\.m2\repository\com\sun\mail\javax.mail\1.6.2\javax.mail-1.6.2.jar;C:\Users\tiago\.m2\repository\javax\activation\activation\1.1\activation-1.1.jar;C:\Users\tiago\.m2\repository\org\mockito\mockito-all\1.9.5\mockito-all-1.9.5.jar;C:\Users\tiago\.m2\repository\org\junit\jupiter\junit-jupiter-api\5.5.2\junit-jupiter-api-5.5.2.jar;C:\Users\tiago\.m2\repository\org\apiguardian\apiguardian-api\1.1.0\apiguardian-api-1.1.0.jar;C:\Users\tiago\.m2\repository\org\opentest4j\opentest4j\1.2.0\opentest4j-1.2.0.jar;C:\Users\tiago\.m2\repository\org\junit\platform\junit-platform-commons\1.5.2\junit-platform-commons-1.5.2.jar;C:\Users\tiago\.m2\repository\org\junit\jupiter\junit-jupiter-engine\5.5.2\junit-jupiter-engine-5.5.2.jar;C:\Users\tiago\.m2\repository\org\junit\platform\junit-platform-engine\1.5.2\junit-platform-engine-1.5.2.jar;C:\Users\tiago\.m2\repository\org\xmlunit\xmlunit-core\2.6.3\xmlunit-core-2.6.3.jar;C:\Users\tiago\.m2\repository\org\xmlunit\xmlunit-matchers\2.6.3\xmlunit-matchers-2.6.3.jar;C:\Users\tiago\.m2\repository\junit\junit\4.12\junit-4.12.jar;C:\Users\tiago\.m2\repository\org\hamcrest\hamcrest-core\1.3\hamcrest-core-1.3.jar;"/>
    <property name="sun.cpu.endian" value="little"/>
    <property name="user.home" value="C:\Users\tiago"/>
    <property name="user.language" value="pt"/>
    <property name="java.specification.vendor" value="Oracle Corporation"/>
    <property name="java.home" value="C:\Program Files\Java\jdk1.8.0_181\jre"/>
    <property name="basedir" value="C:\Users\tiago\Documents\lapr3-2019-g025"/>
    <property name="file.separator" value="\"/>
    <property name="line.separator" value="&#10;"/>
    <property name="java.vm.specification.vendor" value="Oracle Corporation"/>
    <property name="java.specification.name" value="Java Platform API Specification"/>
    <property name="java.awt.graphicsenv" value="sun.awt.Win32GraphicsEnvironment"/>
    <property name="surefire.real.class.path" value="C:\Users\tiago\AppData\Local\Temp\surefire6402776052808639499\surefirebooter6693663279620285963.jar;C:\\Users\\tiago\\.m2\\repository\\org\\jacoco\\org.jacoco.agent\\0.8.5\\org.jacoco.agent-0.8.5-runtime.jar"/>
    <property name="sonar.pitest.mode" value="reuseReport"/>
    <property name="sun.boot.class.path" value="C:\Program Files\Java\jdk1.8.0_181\jre\lib\resources.jar;C:\Program Files\Java\jdk1.8.0_181\jre\lib\rt.jar;C:\Program Files\Java\jdk1.8.0_181\jre\lib\sunrsasign.jar;C:\Program Files\Java\jdk1.8.0_181\jre\lib\jsse.jar;C:\Program Files\Java\jdk1.8.0_181\jre\lib\jce.jar;C:\Program Files\Java\jdk1.8.0_181\jre\lib\charsets.jar;C:\Program Files\Java\jdk1.8.0_181\jre\lib\jfr.jar;C:\Program Files\Java\jdk1.8.0_181\jre\classes"/>
    <property name="user.script" value=""/>
    <property name="sun.management.compiler" value="HotSpot 64-Bit Tiered Compilers"/>
    <property name="java.runtime.version" value="1.8.0_181-b13"/>
    <property name="user.name" value="tiago"/>
    <property name="path.separator" value=";"/>
    <property name="historyInputFile" value="target/fasterPitMutationTesting-history.txt"/>
    <property name="os.version" value="10.0"/>
    <property name="java.endorsed.dirs" value="C:\Program Files\Java\jdk1.8.0_181\jre\lib\endorsed"/>
    <property name="java.runtime.name" value="Java(TM) SE Runtime Environment"/>
    <property name="file.encoding" value="Cp1252"/>
    <property name="java.vm.name" value="Java HotSpot(TM) 64-Bit Server VM"/>
    <property name="localRepository" value="C:\Users\tiago\.m2\repository"/>
    <property name="java.vendor.url.bug" value="http://bugreport.sun.com/bugreport/"/>
    <property name="java.io.tmpdir" value="C:\Users\tiago\AppData\Local\Temp\"/>
    <property name="java.version" value="1.8.0_181"/>
    <property name="user.dir" value="C:\Users\tiago\Documents\lapr3-2019-g025"/>
    <property name="os.arch" value="amd64"/>
    <property name="threads" value="4"/>
    <property name="java.vm.specification.name" value="Java Virtual Machine Specification"/>
    <property name="java.awt.printerjob" value="sun.awt.windows.WPrinterJob"/>
    <property name="sun.os.patch.level" value=""/>
    <property name="java.library.path" value="C:\Program Files\Java\jdk1.8.0_181\jre\bin;C:\WINDOWS\Sun\Java\bin;C:\WINDOWS\system32;C:\WINDOWS;C:\Program Files (x86)\Common Files\Oracle\Java\javapath;C:\Program Files (x86)\Intel\iCLS Client\;C:\Program Files\Intel\iCLS Client\;C:\WINDOWS\system32;C:\WINDOWS;C:\WINDOWS\System32\Wbem;C:\WINDOWS\System32\WindowsPowerShell\v1.0\;C:\Program Files (x86)\Intel\Intel(R) Management Engine Components\DAL;C:\Program Files\Intel\Intel(R) Management Engine Components\DAL;C:\Program Files (x86)\Intel\Intel(R) Management Engine Components\IPT;C:\Program Files\Intel\Intel(R) Management Engine Components\IPT;C:\WINDOWS\System32\OpenSSH\;C:\Program Files\PuTTY\;C:\Program Files\dotnet\;C:\Program Files\Microsoft SQL Server\130\Tools\Binn\;C:\Users\tiago\AppData\Local\Microsoft\WindowsApps;C:\Users\tiago\AppData\Local\atom\bin;C:\Users\tiago\AppData\Local\GitHubDesktop\bin;C:\Users\tiago\AppData\Local\Microsoft\WindowsApps;C:\Program Files\Java\jdk1.8.0_181;C:\Program Files (x86)\apache-maven-3.6.3\bin;;."/>
    <property name="java.vm.info" value="mixed mode"/>
    <property name="java.vendor" value="Oracle Corporation"/>
    <property name="java.vm.version" value="25.181-b13"/>
    <property name="java.ext.dirs" value="C:\Program Files\Java\jdk1.8.0_181\jre\lib\ext;C:\WINDOWS\Sun\Java\lib\ext"/>
    <property name="sun.io.unicode.encoding" value="UnicodeLittle"/>
    <property name="timestampedReports" value="false"/>
    <property name="java.class.version" value="52.0"/>
  </properties>
  <testcase name="testCalculateAverageSpeedWithWindDirection" classname="lapr.project.utils.PhysicsAlgorithmsTest" time="0"/>
  <testcase name="testCalculateTimeNeededToChargeTotaly" classname="lapr.project.utils.PhysicsAlgorithmsTest" time="0"/>
  <testcase name="testCalculateEnergySpentBetweenPoints" classname="lapr.project.utils.PhysicsAlgorithmsTest" time="0"/>
  <testcase name="testCalculateWindeForce" classname="lapr.project.utils.PhysicsAlgorithmsTest" time="0"/>
  <testcase name="testCalculatePathInclination" classname="lapr.project.utils.PhysicsAlgorithmsTest" time="0"/>
  <testcase name="testCalculateDistanceWithElevation" classname="lapr.project.utils.PhysicsAlgorithmsTest" time="0"/>
  <testcase name="testCalculateDistanceAScooterCanDo" classname="lapr.project.utils.PhysicsAlgorithmsTest" time="0"/>
  <testcase name="testCalculateFrictionalForce" classname="lapr.project.utils.PhysicsAlgorithmsTest" time="0"/>
  <testcase name="testCalculateTotalForce" classname="lapr.project.utils.PhysicsAlgorithmsTest" time="0"/>
  <testcase name="testLinearDistanceTo" classname="lapr.project.utils.PhysicsAlgorithmsTest" time="0"/>
  <testcase name="testCalculateGravitationalForce" classname="lapr.project.utils.PhysicsAlgorithmsTest" time="0"/>
  <testcase name="testCalculateCalories" classname="lapr.project.utils.PhysicsAlgorithmsTest" time="0"/>
  <testcase name="testCalculateEnergyforGivenTrip" classname="lapr.project.utils.PhysicsAlgorithmsTest" time="0"/>
  <testcase name="testCalculateAverageSpeedWithWindDirection2" classname="lapr.project.utils.PhysicsAlgorithmsTest" time="0"/>
  <testcase name="testCalculateAverageSpeedWithWindDirection3" classname="lapr.project.utils.PhysicsAlgorithmsTest" time="0"/>
  <testcase name="testCalculateAverageSpeedWithWindDirection4" classname="lapr.project.utils.PhysicsAlgorithmsTest" time="0"/>
</testsuite>